mode: set
github.com/erupshis/revtracker/internal/auth/utils/utils.go:20.63,22.22 2 1
github.com/erupshis/revtracker/internal/auth/utils/utils.go:22.22,24.3 1 1
github.com/erupshis/revtracker/internal/auth/utils/utils.go:26.2,27.16 2 1
github.com/erupshis/revtracker/internal/auth/utils/utils.go:27.16,29.3 1 1
github.com/erupshis/revtracker/internal/auth/utils/utils.go:31.2,31.20 1 1
github.com/erupshis/revtracker/internal/auth/utils/utils.go:34.96,35.21 1 0
github.com/erupshis/revtracker/internal/auth/utils/utils.go:35.21,37.3 1 0
github.com/erupshis/revtracker/internal/auth/utils/utils.go:39.2,40.67 2 0
github.com/erupshis/revtracker/internal/auth/utils/utils.go:40.67,42.3 1 0
github.com/erupshis/revtracker/internal/auth/utils/utils.go:44.2,44.73 1 0
github.com/erupshis/revtracker/internal/auth/utils/utils.go:44.73,46.3 1 0
github.com/erupshis/revtracker/internal/auth/utils/utils.go:48.2,48.65 1 0
github.com/erupshis/revtracker/internal/auth/utils/utils.go:48.65,50.3 1 0
github.com/erupshis/revtracker/internal/auth/utils/utils.go:52.2,52.18 1 0
github.com/erupshis/revtracker/internal/auth/utils/utils.go:52.18,54.3 1 0
github.com/erupshis/revtracker/internal/auth/utils/utils.go:56.2,56.18 1 0
github.com/erupshis/revtracker/internal/auth/utils/utils.go:59.79,60.28 1 0
github.com/erupshis/revtracker/internal/auth/utils/utils.go:60.28,62.3 1 0
github.com/erupshis/revtracker/internal/auth/utils/utils.go:64.2,65.11 2 0
github.com/erupshis/revtracker/internal/config/utils/utils.go:11.63,12.15 1 1
github.com/erupshis/revtracker/internal/config/utils/utils.go:12.15,14.3 1 1
github.com/erupshis/revtracker/internal/config/utils/utils.go:16.2,16.31 1 1
github.com/erupshis/revtracker/internal/config/utils/utils.go:17.12,18.51 1 1
github.com/erupshis/revtracker/internal/config/utils/utils.go:18.51,20.4 1 1
github.com/erupshis/revtracker/internal/config/utils/utils.go:20.9,22.4 1 1
github.com/erupshis/revtracker/internal/config/utils/utils.go:23.14,24.45 1 1
github.com/erupshis/revtracker/internal/config/utils/utils.go:24.45,26.4 1 1
github.com/erupshis/revtracker/internal/config/utils/utils.go:26.9,28.4 1 1
github.com/erupshis/revtracker/internal/config/utils/utils.go:29.15,30.15 1 1
github.com/erupshis/revtracker/internal/config/utils/utils.go:31.17,32.35 1 1
github.com/erupshis/revtracker/internal/config/utils/utils.go:33.10,34.46 1 1
github.com/erupshis/revtracker/internal/config/utils/utils.go:37.2,37.12 1 1
github.com/erupshis/revtracker/internal/config/utils/utils.go:41.42,43.2 1 1
github.com/erupshis/revtracker/internal/auth/middleware/authorize.go:18.152,19.34 1 0
github.com/erupshis/revtracker/internal/auth/middleware/authorize.go:19.34,21.23 2 0
github.com/erupshis/revtracker/internal/auth/middleware/authorize.go:21.23,25.4 3 0
github.com/erupshis/revtracker/internal/auth/middleware/authorize.go:27.3,28.46 2 0
github.com/erupshis/revtracker/internal/auth/middleware/authorize.go:28.46,32.4 3 0
github.com/erupshis/revtracker/internal/auth/middleware/authorize.go:34.3,36.17 3 0
github.com/erupshis/revtracker/internal/auth/middleware/authorize.go:36.17,40.4 3 0
github.com/erupshis/revtracker/internal/auth/middleware/authorize.go:42.3,42.22 1 0
github.com/erupshis/revtracker/internal/auth/middleware/authorize.go:42.22,46.4 3 0
github.com/erupshis/revtracker/internal/auth/middleware/authorize.go:48.3,48.42 1 0
github.com/erupshis/revtracker/internal/auth/middleware/authorize.go:48.42,52.4 3 0
github.com/erupshis/revtracker/internal/auth/middleware/authorize.go:54.3,56.18 3 0
github.com/erupshis/revtracker/internal/data/utils/utils.go:11.58,12.21 1 1
github.com/erupshis/revtracker/internal/data/utils/utils.go:12.21,14.3 1 1
github.com/erupshis/revtracker/internal/data/utils/utils.go:16.2,16.12 1 1
github.com/erupshis/revtracker/internal/data/utils/utils.go:19.56,22.32 2 1
github.com/erupshis/revtracker/internal/data/utils/utils.go:22.32,23.26 1 1
github.com/erupshis/revtracker/internal/data/utils/utils.go:23.26,25.12 2 1
github.com/erupshis/revtracker/internal/data/utils/utils.go:28.3,28.64 1 1
github.com/erupshis/revtracker/internal/data/utils/utils.go:28.64,30.12 2 1
github.com/erupshis/revtracker/internal/data/utils/utils.go:34.2,34.35 1 1
github.com/erupshis/revtracker/internal/data/utils/utils.go:34.35,36.3 1 1
github.com/erupshis/revtracker/internal/data/utils/utils.go:38.2,38.84 1 1
github.com/erupshis/revtracker/internal/data/utils/utils.go:41.52,44.42 2 1
github.com/erupshis/revtracker/internal/data/utils/utils.go:44.42,46.3 1 1
github.com/erupshis/revtracker/internal/data/utils/utils.go:48.2,48.46 1 1
github.com/erupshis/revtracker/internal/data/utils/utils.go:48.46,50.3 1 1
github.com/erupshis/revtracker/internal/data/utils/utils.go:52.2,52.50 1 1
github.com/erupshis/revtracker/internal/data/utils/utils.go:52.50,54.3 1 1
github.com/erupshis/revtracker/internal/data/utils/utils.go:56.2,56.22 1 1
github.com/erupshis/revtracker/internal/data/utils/utils.go:56.22,58.3 1 1
github.com/erupshis/revtracker/internal/data/utils/utils.go:60.2,60.56 1 1
github.com/erupshis/revtracker/internal/auth/handlers/login.go:14.119,15.34 1 1
github.com/erupshis/revtracker/internal/auth/handlers/login.go:15.34,17.57 2 1
github.com/erupshis/revtracker/internal/auth/handlers/login.go:17.57,21.4 3 1
github.com/erupshis/revtracker/internal/auth/handlers/login.go:23.3,23.95 1 1
github.com/erupshis/revtracker/internal/auth/handlers/login.go:23.95,27.4 3 0
github.com/erupshis/revtracker/internal/auth/handlers/login.go:29.3,30.17 2 1
github.com/erupshis/revtracker/internal/auth/handlers/login.go:30.17,34.4 3 1
github.com/erupshis/revtracker/internal/auth/handlers/login.go:36.3,36.31 1 1
github.com/erupshis/revtracker/internal/auth/handlers/login.go:36.31,40.4 3 1
github.com/erupshis/revtracker/internal/auth/handlers/login.go:42.3,42.50 1 1
github.com/erupshis/revtracker/internal/auth/handlers/login.go:42.50,46.4 3 1
github.com/erupshis/revtracker/internal/auth/handlers/login.go:48.3,49.17 2 1
github.com/erupshis/revtracker/internal/auth/handlers/login.go:49.17,53.4 3 0
github.com/erupshis/revtracker/internal/auth/handlers/login.go:55.3,59.13 4 1
github.com/erupshis/revtracker/internal/auth/handlers/register.go:14.122,15.34 1 0
github.com/erupshis/revtracker/internal/auth/handlers/register.go:15.34,18.57 3 0
github.com/erupshis/revtracker/internal/auth/handlers/register.go:18.57,22.4 3 0
github.com/erupshis/revtracker/internal/auth/handlers/register.go:24.3,25.17 2 0
github.com/erupshis/revtracker/internal/auth/handlers/register.go:25.17,29.4 3 0
github.com/erupshis/revtracker/internal/auth/handlers/register.go:31.3,31.27 1 0
github.com/erupshis/revtracker/internal/auth/handlers/register.go:31.27,35.4 3 0
github.com/erupshis/revtracker/internal/auth/handlers/register.go:37.3,37.56 1 0
github.com/erupshis/revtracker/internal/auth/handlers/register.go:37.56,41.4 3 0
github.com/erupshis/revtracker/internal/auth/handlers/register.go:43.3,43.68 1 0
github.com/erupshis/revtracker/internal/auth/handlers/register.go:43.68,47.4 3 0
github.com/erupshis/revtracker/internal/auth/handlers/register.go:49.3,50.17 2 0
github.com/erupshis/revtracker/internal/auth/handlers/register.go:50.17,54.4 3 0
github.com/erupshis/revtracker/internal/auth/handlers/register.go:56.3,60.13 4 0
github.com/erupshis/revtracker/internal/auth/jwtgenerator/jwtgenerator.go:26.85,27.18 1 0
github.com/erupshis/revtracker/internal/auth/jwtgenerator/jwtgenerator.go:27.18,29.3 1 0
github.com/erupshis/revtracker/internal/auth/jwtgenerator/jwtgenerator.go:31.2,35.3 1 0
github.com/erupshis/revtracker/internal/auth/jwtgenerator/jwtgenerator.go:39.69,48.16 3 1
github.com/erupshis/revtracker/internal/auth/jwtgenerator/jwtgenerator.go:48.16,50.3 1 0
github.com/erupshis/revtracker/internal/auth/jwtgenerator/jwtgenerator.go:52.2,53.25 2 1
github.com/erupshis/revtracker/internal/auth/jwtgenerator/jwtgenerator.go:57.60,60.43 2 1
github.com/erupshis/revtracker/internal/auth/jwtgenerator/jwtgenerator.go:60.43,61.55 1 1
github.com/erupshis/revtracker/internal/auth/jwtgenerator/jwtgenerator.go:61.55,63.5 1 0
github.com/erupshis/revtracker/internal/auth/jwtgenerator/jwtgenerator.go:64.4,64.32 1 1
github.com/erupshis/revtracker/internal/auth/jwtgenerator/jwtgenerator.go:66.2,66.16 1 1
github.com/erupshis/revtracker/internal/auth/jwtgenerator/jwtgenerator.go:66.16,68.3 1 1
github.com/erupshis/revtracker/internal/auth/jwtgenerator/jwtgenerator.go:70.2,70.18 1 1
github.com/erupshis/revtracker/internal/auth/jwtgenerator/jwtgenerator.go:70.18,73.3 2 0
github.com/erupshis/revtracker/internal/auth/jwtgenerator/jwtgenerator.go:75.2,76.22 2 1
github.com/erupshis/revtracker/internal/controller/handlers/content/delete.go:13.79,14.34 1 1
github.com/erupshis/revtracker/internal/controller/handlers/content/delete.go:14.34,16.17 2 1
github.com/erupshis/revtracker/internal/controller/handlers/content/delete.go:16.17,20.4 3 1
github.com/erupshis/revtracker/internal/controller/handlers/content/delete.go:22.3,22.67 1 1
github.com/erupshis/revtracker/internal/controller/handlers/content/delete.go:22.67,26.4 3 1
github.com/erupshis/revtracker/internal/controller/handlers/content/delete.go:28.3,29.13 2 1
github.com/erupshis/revtracker/internal/controller/handlers/content/insert.go:18.79,19.34 1 1
github.com/erupshis/revtracker/internal/controller/handlers/content/insert.go:19.34,22.59 2 1
github.com/erupshis/revtracker/internal/controller/handlers/content/insert.go:22.59,26.4 3 1
github.com/erupshis/revtracker/internal/controller/handlers/content/insert.go:28.3,28.78 1 1
github.com/erupshis/revtracker/internal/controller/handlers/content/insert.go:28.78,32.4 3 1
github.com/erupshis/revtracker/internal/controller/handlers/content/insert.go:34.3,34.69 1 1
github.com/erupshis/revtracker/internal/controller/handlers/content/insert.go:34.69,38.4 3 1
github.com/erupshis/revtracker/internal/controller/handlers/content/insert.go:40.3,40.79 1 1
github.com/erupshis/revtracker/internal/controller/handlers/content/insert.go:40.79,44.4 3 0
github.com/erupshis/revtracker/internal/controller/handlers/content/insert.go:46.3,48.13 3 1
github.com/erupshis/revtracker/internal/controller/handlers/content/select.go:16.79,17.34 1 1
github.com/erupshis/revtracker/internal/controller/handlers/content/select.go:17.34,19.17 2 1
github.com/erupshis/revtracker/internal/controller/handlers/content/select.go:19.17,23.4 3 1
github.com/erupshis/revtracker/internal/controller/handlers/content/select.go:25.3,26.17 2 1
github.com/erupshis/revtracker/internal/controller/handlers/content/select.go:26.17,27.37 1 1
github.com/erupshis/revtracker/internal/controller/handlers/content/select.go:27.37,31.5 3 1
github.com/erupshis/revtracker/internal/controller/handlers/content/select.go:33.4,35.14 3 1
github.com/erupshis/revtracker/internal/controller/handlers/content/select.go:38.3,39.17 2 1
github.com/erupshis/revtracker/internal/controller/handlers/content/select.go:39.17,43.4 3 0
github.com/erupshis/revtracker/internal/controller/handlers/content/select.go:45.3,45.45 1 1
github.com/erupshis/revtracker/internal/controller/handlers/content/select.go:45.45,49.4 3 0
github.com/erupshis/revtracker/internal/controller/handlers/content/select.go:51.3,53.13 3 1
github.com/erupshis/revtracker/internal/controller/handlers/content/update.go:15.79,16.34 1 1
github.com/erupshis/revtracker/internal/controller/handlers/content/update.go:16.34,18.59 2 1
github.com/erupshis/revtracker/internal/controller/handlers/content/update.go:18.59,22.4 3 1
github.com/erupshis/revtracker/internal/controller/handlers/content/update.go:24.3,24.22 1 1
github.com/erupshis/revtracker/internal/controller/handlers/content/update.go:24.22,26.18 2 1
github.com/erupshis/revtracker/internal/controller/handlers/content/update.go:26.18,30.5 3 1
github.com/erupshis/revtracker/internal/controller/handlers/content/update.go:32.4,32.19 1 1
github.com/erupshis/revtracker/internal/controller/handlers/content/update.go:35.3,35.78 1 1
github.com/erupshis/revtracker/internal/controller/handlers/content/update.go:35.78,39.4 3 1
github.com/erupshis/revtracker/internal/controller/handlers/content/update.go:41.3,41.69 1 1
github.com/erupshis/revtracker/internal/controller/handlers/content/update.go:41.69,45.4 3 1
github.com/erupshis/revtracker/internal/controller/handlers/content/update.go:47.3,48.17 2 1
github.com/erupshis/revtracker/internal/controller/handlers/content/update.go:48.17,52.4 3 0
github.com/erupshis/revtracker/internal/controller/handlers/content/update.go:54.3,54.45 1 1
github.com/erupshis/revtracker/internal/controller/handlers/content/update.go:54.45,58.4 3 0
github.com/erupshis/revtracker/internal/controller/handlers/content/update.go:60.3,62.13 3 1
github.com/erupshis/revtracker/internal/controller/handlers/homework/delete.go:13.79,14.34 1 1
github.com/erupshis/revtracker/internal/controller/handlers/homework/delete.go:14.34,16.17 2 1
github.com/erupshis/revtracker/internal/controller/handlers/homework/delete.go:16.17,20.4 3 1
github.com/erupshis/revtracker/internal/controller/handlers/homework/delete.go:22.3,22.68 1 1
github.com/erupshis/revtracker/internal/controller/handlers/homework/delete.go:22.68,26.4 3 1
github.com/erupshis/revtracker/internal/controller/handlers/homework/delete.go:28.3,29.13 2 1
github.com/erupshis/revtracker/internal/controller/handlers/homework/insert.go:19.79,20.34 1 1
github.com/erupshis/revtracker/internal/controller/handlers/homework/insert.go:20.34,23.60 2 1
github.com/erupshis/revtracker/internal/controller/handlers/homework/insert.go:23.60,27.4 3 1
github.com/erupshis/revtracker/internal/controller/handlers/homework/insert.go:29.3,29.26 1 1
github.com/erupshis/revtracker/internal/controller/handlers/homework/insert.go:29.26,33.4 3 1
github.com/erupshis/revtracker/internal/controller/handlers/homework/insert.go:35.3,35.71 1 1
github.com/erupshis/revtracker/internal/controller/handlers/homework/insert.go:35.71,36.37 1 1
github.com/erupshis/revtracker/internal/controller/handlers/homework/insert.go:36.37,38.5 1 0
github.com/erupshis/revtracker/internal/controller/handlers/homework/insert.go:38.10,40.5 1 1
github.com/erupshis/revtracker/internal/controller/handlers/homework/insert.go:42.4,43.14 2 1
github.com/erupshis/revtracker/internal/controller/handlers/homework/insert.go:46.3,46.80 1 1
github.com/erupshis/revtracker/internal/controller/handlers/homework/insert.go:46.80,50.4 3 0
github.com/erupshis/revtracker/internal/controller/handlers/homework/insert.go:52.3,54.13 3 1
github.com/erupshis/revtracker/internal/controller/handlers/homework/select.go:17.79,18.34 1 1
github.com/erupshis/revtracker/internal/controller/handlers/homework/select.go:18.34,20.61 2 1
github.com/erupshis/revtracker/internal/controller/handlers/homework/select.go:20.61,24.4 3 1
github.com/erupshis/revtracker/internal/controller/handlers/homework/select.go:26.3,28.15 3 1
github.com/erupshis/revtracker/internal/controller/handlers/homework/select.go:28.15,30.4 1 1
github.com/erupshis/revtracker/internal/controller/handlers/homework/select.go:30.9,32.4 1 1
github.com/erupshis/revtracker/internal/controller/handlers/homework/select.go:34.3,34.51 1 1
github.com/erupshis/revtracker/internal/controller/handlers/homework/select.go:34.51,38.4 3 1
github.com/erupshis/revtracker/internal/controller/handlers/homework/select.go:40.3,41.22 2 1
github.com/erupshis/revtracker/internal/controller/handlers/homework/select.go:41.22,43.4 1 1
github.com/erupshis/revtracker/internal/controller/handlers/homework/select.go:43.9,43.30 1 1
github.com/erupshis/revtracker/internal/controller/handlers/homework/select.go:43.30,45.4 1 1
github.com/erupshis/revtracker/internal/controller/handlers/homework/select.go:45.9,49.4 3 1
github.com/erupshis/revtracker/internal/controller/handlers/homework/select.go:51.3,51.17 1 1
github.com/erupshis/revtracker/internal/controller/handlers/homework/select.go:51.17,55.4 3 0
github.com/erupshis/revtracker/internal/controller/handlers/homework/select.go:57.3,57.45 1 1
github.com/erupshis/revtracker/internal/controller/handlers/homework/select.go:57.45,61.4 3 0
github.com/erupshis/revtracker/internal/controller/handlers/homework/select.go:63.3,65.13 3 1
github.com/erupshis/revtracker/internal/controller/handlers/homework/update.go:15.79,16.34 1 1
github.com/erupshis/revtracker/internal/controller/handlers/homework/update.go:16.34,18.60 2 1
github.com/erupshis/revtracker/internal/controller/handlers/homework/update.go:18.60,22.4 3 1
github.com/erupshis/revtracker/internal/controller/handlers/homework/update.go:24.3,24.23 1 1
github.com/erupshis/revtracker/internal/controller/handlers/homework/update.go:24.23,26.18 2 1
github.com/erupshis/revtracker/internal/controller/handlers/homework/update.go:26.18,30.5 3 1
github.com/erupshis/revtracker/internal/controller/handlers/homework/update.go:32.4,32.20 1 1
github.com/erupshis/revtracker/internal/controller/handlers/homework/update.go:35.3,35.26 1 1
github.com/erupshis/revtracker/internal/controller/handlers/homework/update.go:35.26,39.4 3 1
github.com/erupshis/revtracker/internal/controller/handlers/homework/update.go:41.3,41.71 1 1
github.com/erupshis/revtracker/internal/controller/handlers/homework/update.go:41.71,42.37 1 1
github.com/erupshis/revtracker/internal/controller/handlers/homework/update.go:42.37,44.5 1 0
github.com/erupshis/revtracker/internal/controller/handlers/homework/update.go:44.10,46.5 1 1
github.com/erupshis/revtracker/internal/controller/handlers/homework/update.go:48.4,49.14 2 1
github.com/erupshis/revtracker/internal/controller/handlers/homework/update.go:52.3,53.17 2 1
github.com/erupshis/revtracker/internal/controller/handlers/homework/update.go:53.17,57.4 3 0
github.com/erupshis/revtracker/internal/controller/handlers/homework/update.go:59.3,59.45 1 1
github.com/erupshis/revtracker/internal/controller/handlers/homework/update.go:59.45,63.4 3 0
github.com/erupshis/revtracker/internal/controller/handlers/homework/update.go:65.3,67.13 3 1
github.com/erupshis/revtracker/internal/controller/handlers/homeworkquestion/delete.go:13.79,14.34 1 1
github.com/erupshis/revtracker/internal/controller/handlers/homeworkquestion/delete.go:14.34,16.17 2 1
github.com/erupshis/revtracker/internal/controller/handlers/homeworkquestion/delete.go:16.17,20.4 3 1
github.com/erupshis/revtracker/internal/controller/handlers/homeworkquestion/delete.go:22.3,22.76 1 1
github.com/erupshis/revtracker/internal/controller/handlers/homeworkquestion/delete.go:22.76,26.4 3 1
github.com/erupshis/revtracker/internal/controller/handlers/homeworkquestion/delete.go:28.3,29.13 2 1
github.com/erupshis/revtracker/internal/controller/handlers/homeworkquestion/insert.go:19.79,20.34 1 1
github.com/erupshis/revtracker/internal/controller/handlers/homeworkquestion/insert.go:20.34,23.68 2 1
github.com/erupshis/revtracker/internal/controller/handlers/homeworkquestion/insert.go:23.68,27.4 3 1
github.com/erupshis/revtracker/internal/controller/handlers/homeworkquestion/insert.go:29.3,29.106 1 1
github.com/erupshis/revtracker/internal/controller/handlers/homeworkquestion/insert.go:29.106,33.4 3 1
github.com/erupshis/revtracker/internal/controller/handlers/homeworkquestion/insert.go:35.3,35.87 1 1
github.com/erupshis/revtracker/internal/controller/handlers/homeworkquestion/insert.go:35.87,36.41 1 1
github.com/erupshis/revtracker/internal/controller/handlers/homeworkquestion/insert.go:36.41,38.5 1 0
github.com/erupshis/revtracker/internal/controller/handlers/homeworkquestion/insert.go:38.10,40.5 1 1
github.com/erupshis/revtracker/internal/controller/handlers/homeworkquestion/insert.go:42.4,43.14 2 1
github.com/erupshis/revtracker/internal/controller/handlers/homeworkquestion/insert.go:46.3,46.88 1 1
github.com/erupshis/revtracker/internal/controller/handlers/homeworkquestion/insert.go:46.88,50.4 3 0
github.com/erupshis/revtracker/internal/controller/handlers/homeworkquestion/insert.go:52.3,54.13 3 1
github.com/erupshis/revtracker/internal/controller/handlers/homeworkquestion/select.go:17.79,18.34 1 1
github.com/erupshis/revtracker/internal/controller/handlers/homeworkquestion/select.go:18.34,20.61 2 1
github.com/erupshis/revtracker/internal/controller/handlers/homeworkquestion/select.go:20.61,24.4 3 1
github.com/erupshis/revtracker/internal/controller/handlers/homeworkquestion/select.go:26.3,27.15 2 1
github.com/erupshis/revtracker/internal/controller/handlers/homeworkquestion/select.go:27.15,29.4 1 1
github.com/erupshis/revtracker/internal/controller/handlers/homeworkquestion/select.go:29.9,31.4 1 1
github.com/erupshis/revtracker/internal/controller/handlers/homeworkquestion/select.go:33.3,33.51 1 1
github.com/erupshis/revtracker/internal/controller/handlers/homeworkquestion/select.go:33.51,37.4 3 1
github.com/erupshis/revtracker/internal/controller/handlers/homeworkquestion/select.go:39.3,39.31 1 1
github.com/erupshis/revtracker/internal/controller/handlers/homeworkquestion/select.go:39.31,43.4 3 1
github.com/erupshis/revtracker/internal/controller/handlers/homeworkquestion/select.go:45.3,46.17 2 1
github.com/erupshis/revtracker/internal/controller/handlers/homeworkquestion/select.go:46.17,50.4 3 0
github.com/erupshis/revtracker/internal/controller/handlers/homeworkquestion/select.go:52.3,52.45 1 1
github.com/erupshis/revtracker/internal/controller/handlers/homeworkquestion/select.go:52.45,56.4 3 0
github.com/erupshis/revtracker/internal/controller/handlers/homeworkquestion/select.go:58.3,60.13 3 1
github.com/erupshis/revtracker/internal/controller/handlers/homeworkquestion/update.go:15.79,16.34 1 1
github.com/erupshis/revtracker/internal/controller/handlers/homeworkquestion/update.go:16.34,18.68 2 1
github.com/erupshis/revtracker/internal/controller/handlers/homeworkquestion/update.go:18.68,22.4 3 1
github.com/erupshis/revtracker/internal/controller/handlers/homeworkquestion/update.go:24.3,24.31 1 1
github.com/erupshis/revtracker/internal/controller/handlers/homeworkquestion/update.go:24.31,26.18 2 1
github.com/erupshis/revtracker/internal/controller/handlers/homeworkquestion/update.go:26.18,30.5 3 1
github.com/erupshis/revtracker/internal/controller/handlers/homeworkquestion/update.go:32.4,32.28 1 1
github.com/erupshis/revtracker/internal/controller/handlers/homeworkquestion/update.go:35.3,35.106 1 1
github.com/erupshis/revtracker/internal/controller/handlers/homeworkquestion/update.go:35.106,39.4 3 1
github.com/erupshis/revtracker/internal/controller/handlers/homeworkquestion/update.go:41.3,41.87 1 1
github.com/erupshis/revtracker/internal/controller/handlers/homeworkquestion/update.go:41.87,42.41 1 1
github.com/erupshis/revtracker/internal/controller/handlers/homeworkquestion/update.go:42.41,44.5 1 0
github.com/erupshis/revtracker/internal/controller/handlers/homeworkquestion/update.go:44.10,46.5 1 1
github.com/erupshis/revtracker/internal/controller/handlers/homeworkquestion/update.go:48.4,49.14 2 1
github.com/erupshis/revtracker/internal/controller/handlers/homeworkquestion/update.go:52.3,53.17 2 1
github.com/erupshis/revtracker/internal/controller/handlers/homeworkquestion/update.go:53.17,57.4 3 0
github.com/erupshis/revtracker/internal/controller/handlers/homeworkquestion/update.go:59.3,59.45 1 1
github.com/erupshis/revtracker/internal/controller/handlers/homeworkquestion/update.go:59.45,63.4 3 0
github.com/erupshis/revtracker/internal/controller/handlers/homeworkquestion/update.go:65.3,67.13 3 1
github.com/erupshis/revtracker/internal/controller/handlers/question/delete.go:13.79,14.34 1 1
github.com/erupshis/revtracker/internal/controller/handlers/question/delete.go:14.34,16.17 2 1
github.com/erupshis/revtracker/internal/controller/handlers/question/delete.go:16.17,20.4 3 1
github.com/erupshis/revtracker/internal/controller/handlers/question/delete.go:22.3,22.68 1 1
github.com/erupshis/revtracker/internal/controller/handlers/question/delete.go:22.68,26.4 3 1
github.com/erupshis/revtracker/internal/controller/handlers/question/delete.go:28.3,29.13 2 1
github.com/erupshis/revtracker/internal/controller/handlers/question/insert.go:20.79,21.34 1 1
github.com/erupshis/revtracker/internal/controller/handlers/question/insert.go:21.34,24.60 2 1
github.com/erupshis/revtracker/internal/controller/handlers/question/insert.go:24.60,28.4 3 1
github.com/erupshis/revtracker/internal/controller/handlers/question/insert.go:30.3,30.26 1 1
github.com/erupshis/revtracker/internal/controller/handlers/question/insert.go:30.26,34.4 3 1
github.com/erupshis/revtracker/internal/controller/handlers/question/insert.go:36.3,36.74 1 1
github.com/erupshis/revtracker/internal/controller/handlers/question/insert.go:36.74,40.4 3 1
github.com/erupshis/revtracker/internal/controller/handlers/question/insert.go:42.3,42.71 1 1
github.com/erupshis/revtracker/internal/controller/handlers/question/insert.go:42.71,43.37 1 1
github.com/erupshis/revtracker/internal/controller/handlers/question/insert.go:43.37,45.5 1 0
github.com/erupshis/revtracker/internal/controller/handlers/question/insert.go:45.10,47.5 1 1
github.com/erupshis/revtracker/internal/controller/handlers/question/insert.go:49.4,50.14 2 1
github.com/erupshis/revtracker/internal/controller/handlers/question/insert.go:53.3,53.80 1 1
github.com/erupshis/revtracker/internal/controller/handlers/question/insert.go:53.80,57.4 3 0
github.com/erupshis/revtracker/internal/controller/handlers/question/insert.go:59.3,61.13 3 1
github.com/erupshis/revtracker/internal/controller/handlers/question/select.go:17.79,18.34 1 1
github.com/erupshis/revtracker/internal/controller/handlers/question/select.go:18.34,20.61 2 1
github.com/erupshis/revtracker/internal/controller/handlers/question/select.go:20.61,24.4 3 1
github.com/erupshis/revtracker/internal/controller/handlers/question/select.go:26.3,28.15 3 1
github.com/erupshis/revtracker/internal/controller/handlers/question/select.go:28.15,30.4 1 1
github.com/erupshis/revtracker/internal/controller/handlers/question/select.go:30.9,32.4 1 1
github.com/erupshis/revtracker/internal/controller/handlers/question/select.go:34.3,34.51 1 1
github.com/erupshis/revtracker/internal/controller/handlers/question/select.go:34.51,38.4 3 1
github.com/erupshis/revtracker/internal/controller/handlers/question/select.go:40.3,41.22 2 1
github.com/erupshis/revtracker/internal/controller/handlers/question/select.go:41.22,43.4 1 1
github.com/erupshis/revtracker/internal/controller/handlers/question/select.go:43.9,43.30 1 1
github.com/erupshis/revtracker/internal/controller/handlers/question/select.go:43.30,45.4 1 1
github.com/erupshis/revtracker/internal/controller/handlers/question/select.go:45.9,49.4 3 1
github.com/erupshis/revtracker/internal/controller/handlers/question/select.go:51.3,51.17 1 1
github.com/erupshis/revtracker/internal/controller/handlers/question/select.go:51.17,55.4 3 0
github.com/erupshis/revtracker/internal/controller/handlers/question/select.go:57.3,57.45 1 1
github.com/erupshis/revtracker/internal/controller/handlers/question/select.go:57.45,61.4 3 0
github.com/erupshis/revtracker/internal/controller/handlers/question/select.go:63.3,65.13 3 1
github.com/erupshis/revtracker/internal/controller/handlers/question/update.go:16.79,17.34 1 1
github.com/erupshis/revtracker/internal/controller/handlers/question/update.go:17.34,19.60 2 1
github.com/erupshis/revtracker/internal/controller/handlers/question/update.go:19.60,23.4 3 1
github.com/erupshis/revtracker/internal/controller/handlers/question/update.go:25.3,25.23 1 1
github.com/erupshis/revtracker/internal/controller/handlers/question/update.go:25.23,27.18 2 1
github.com/erupshis/revtracker/internal/controller/handlers/question/update.go:27.18,31.5 3 1
github.com/erupshis/revtracker/internal/controller/handlers/question/update.go:33.4,33.20 1 1
github.com/erupshis/revtracker/internal/controller/handlers/question/update.go:36.3,36.26 1 1
github.com/erupshis/revtracker/internal/controller/handlers/question/update.go:36.26,40.4 3 1
github.com/erupshis/revtracker/internal/controller/handlers/question/update.go:42.3,42.74 1 1
github.com/erupshis/revtracker/internal/controller/handlers/question/update.go:42.74,46.4 3 1
github.com/erupshis/revtracker/internal/controller/handlers/question/update.go:48.3,48.71 1 1
github.com/erupshis/revtracker/internal/controller/handlers/question/update.go:48.71,49.37 1 1
github.com/erupshis/revtracker/internal/controller/handlers/question/update.go:49.37,51.5 1 0
github.com/erupshis/revtracker/internal/controller/handlers/question/update.go:51.10,53.5 1 1
github.com/erupshis/revtracker/internal/controller/handlers/question/update.go:55.4,56.14 2 1
github.com/erupshis/revtracker/internal/controller/handlers/question/update.go:59.3,60.17 2 1
github.com/erupshis/revtracker/internal/controller/handlers/question/update.go:60.17,64.4 3 0
github.com/erupshis/revtracker/internal/controller/handlers/question/update.go:66.3,66.45 1 1
github.com/erupshis/revtracker/internal/controller/handlers/question/update.go:66.45,70.4 3 0
github.com/erupshis/revtracker/internal/controller/handlers/question/update.go:72.3,74.13 3 1
github.com/erupshis/revtracker/internal/controller/handlers/data/delete.go:13.79,14.34 1 1
github.com/erupshis/revtracker/internal/controller/handlers/data/delete.go:14.34,16.17 2 1
github.com/erupshis/revtracker/internal/controller/handlers/data/delete.go:16.17,20.4 3 1
github.com/erupshis/revtracker/internal/controller/handlers/data/delete.go:22.3,22.72 1 1
github.com/erupshis/revtracker/internal/controller/handlers/data/delete.go:22.72,26.4 3 1
github.com/erupshis/revtracker/internal/controller/handlers/data/delete.go:28.3,29.13 2 1
github.com/erupshis/revtracker/internal/controller/handlers/data/insert.go:20.79,21.34 1 1
github.com/erupshis/revtracker/internal/controller/handlers/data/insert.go:21.34,24.64 2 1
github.com/erupshis/revtracker/internal/controller/handlers/data/insert.go:24.64,28.4 3 1
github.com/erupshis/revtracker/internal/controller/handlers/data/insert.go:30.3,30.80 1 1
github.com/erupshis/revtracker/internal/controller/handlers/data/insert.go:30.80,34.4 3 1
github.com/erupshis/revtracker/internal/controller/handlers/data/insert.go:36.3,36.90 1 1
github.com/erupshis/revtracker/internal/controller/handlers/data/insert.go:36.90,40.4 3 1
github.com/erupshis/revtracker/internal/controller/handlers/data/insert.go:42.3,42.71 1 1
github.com/erupshis/revtracker/internal/controller/handlers/data/insert.go:42.71,43.37 1 1
github.com/erupshis/revtracker/internal/controller/handlers/data/insert.go:43.37,45.5 1 0
github.com/erupshis/revtracker/internal/controller/handlers/data/insert.go:45.10,47.5 1 1
github.com/erupshis/revtracker/internal/controller/handlers/data/insert.go:49.4,50.14 2 1
github.com/erupshis/revtracker/internal/controller/handlers/data/insert.go:53.3,54.17 2 1
github.com/erupshis/revtracker/internal/controller/handlers/data/insert.go:54.17,58.4 3 0
github.com/erupshis/revtracker/internal/controller/handlers/data/insert.go:60.3,60.45 1 1
github.com/erupshis/revtracker/internal/controller/handlers/data/insert.go:60.45,64.4 3 0
github.com/erupshis/revtracker/internal/controller/handlers/data/insert.go:66.3,68.13 3 1
github.com/erupshis/revtracker/internal/controller/handlers/data/select.go:17.79,18.34 1 1
github.com/erupshis/revtracker/internal/controller/handlers/data/select.go:18.34,20.61 2 1
github.com/erupshis/revtracker/internal/controller/handlers/data/select.go:20.61,24.4 3 1
github.com/erupshis/revtracker/internal/controller/handlers/data/select.go:26.3,28.15 3 1
github.com/erupshis/revtracker/internal/controller/handlers/data/select.go:28.15,30.4 1 1
github.com/erupshis/revtracker/internal/controller/handlers/data/select.go:30.9,32.4 1 0
github.com/erupshis/revtracker/internal/controller/handlers/data/select.go:34.3,34.51 1 1
github.com/erupshis/revtracker/internal/controller/handlers/data/select.go:34.51,38.4 3 1
github.com/erupshis/revtracker/internal/controller/handlers/data/select.go:40.3,41.26 2 1
github.com/erupshis/revtracker/internal/controller/handlers/data/select.go:41.26,43.4 1 1
github.com/erupshis/revtracker/internal/controller/handlers/data/select.go:43.9,43.34 1 1
github.com/erupshis/revtracker/internal/controller/handlers/data/select.go:43.34,45.4 1 0
github.com/erupshis/revtracker/internal/controller/handlers/data/select.go:45.9,49.4 3 1
github.com/erupshis/revtracker/internal/controller/handlers/data/select.go:51.3,51.17 1 1
github.com/erupshis/revtracker/internal/controller/handlers/data/select.go:51.17,55.4 3 0
github.com/erupshis/revtracker/internal/controller/handlers/data/select.go:57.3,57.45 1 1
github.com/erupshis/revtracker/internal/controller/handlers/data/select.go:57.45,61.4 3 0
github.com/erupshis/revtracker/internal/controller/handlers/data/select.go:63.3,65.13 3 1
github.com/erupshis/revtracker/internal/controller/handlers/data/update.go:16.79,17.34 1 1
github.com/erupshis/revtracker/internal/controller/handlers/data/update.go:17.34,20.64 2 1
github.com/erupshis/revtracker/internal/controller/handlers/data/update.go:20.64,24.4 3 1
github.com/erupshis/revtracker/internal/controller/handlers/data/update.go:26.3,26.36 1 1
github.com/erupshis/revtracker/internal/controller/handlers/data/update.go:26.36,28.18 2 1
github.com/erupshis/revtracker/internal/controller/handlers/data/update.go:28.18,32.5 3 1
github.com/erupshis/revtracker/internal/controller/handlers/data/update.go:34.4,34.33 1 1
github.com/erupshis/revtracker/internal/controller/handlers/data/update.go:37.3,37.80 1 1
github.com/erupshis/revtracker/internal/controller/handlers/data/update.go:37.80,41.4 3 1
github.com/erupshis/revtracker/internal/controller/handlers/data/update.go:43.3,43.90 1 1
github.com/erupshis/revtracker/internal/controller/handlers/data/update.go:43.90,47.4 3 1
github.com/erupshis/revtracker/internal/controller/handlers/data/update.go:49.3,49.71 1 1
github.com/erupshis/revtracker/internal/controller/handlers/data/update.go:49.71,50.37 1 1
github.com/erupshis/revtracker/internal/controller/handlers/data/update.go:50.37,52.5 1 0
github.com/erupshis/revtracker/internal/controller/handlers/data/update.go:52.10,54.5 1 1
github.com/erupshis/revtracker/internal/controller/handlers/data/update.go:56.4,57.14 2 1
github.com/erupshis/revtracker/internal/controller/handlers/data/update.go:60.3,61.17 2 1
github.com/erupshis/revtracker/internal/controller/handlers/data/update.go:61.17,65.4 3 0
github.com/erupshis/revtracker/internal/controller/handlers/data/update.go:67.3,67.45 1 1
github.com/erupshis/revtracker/internal/controller/handlers/data/update.go:67.45,71.4 3 0
github.com/erupshis/revtracker/internal/controller/handlers/data/update.go:73.3,75.13 3 1
github.com/erupshis/revtracker/internal/utils/utils.go:10.72,11.35 1 1
github.com/erupshis/revtracker/internal/utils/utils.go:11.35,13.3 1 1
github.com/erupshis/revtracker/internal/utils/utils.go:17.46,19.2 1 1
github.com/erupshis/revtracker/internal/retryer/retryer.go:21.80,26.22 4 1
github.com/erupshis/revtracker/internal/retryer/retryer.go:26.22,28.3 1 1
github.com/erupshis/revtracker/internal/retryer/retryer.go:30.2,31.37 2 1
github.com/erupshis/revtracker/internal/retryer/retryer.go:31.37,36.17 4 1
github.com/erupshis/revtracker/internal/retryer/retryer.go:36.17,38.4 1 1
github.com/erupshis/revtracker/internal/retryer/retryer.go:40.3,41.17 2 1
github.com/erupshis/revtracker/internal/retryer/retryer.go:41.17,43.4 1 1
github.com/erupshis/revtracker/internal/retryer/retryer.go:45.3,45.43 1 1
github.com/erupshis/revtracker/internal/retryer/retryer.go:45.43,46.9 1 1
github.com/erupshis/revtracker/internal/retryer/retryer.go:50.2,50.26 1 1
github.com/erupshis/revtracker/internal/retryer/retryer.go:60.46,63.22 2 1
github.com/erupshis/revtracker/internal/retryer/retryer.go:63.22,65.3 1 1
github.com/erupshis/revtracker/internal/retryer/retryer.go:67.2,69.37 2 1
github.com/erupshis/revtracker/internal/retryer/retryer.go:69.37,74.17 4 1
github.com/erupshis/revtracker/internal/retryer/retryer.go:74.17,76.4 1 1
github.com/erupshis/revtracker/internal/retryer/retryer.go:78.3,79.17 2 1
github.com/erupshis/revtracker/internal/retryer/retryer.go:79.17,81.4 1 1
github.com/erupshis/revtracker/internal/retryer/retryer.go:83.3,83.43 1 1
github.com/erupshis/revtracker/internal/retryer/retryer.go:83.43,85.9 2 1
github.com/erupshis/revtracker/internal/retryer/retryer.go:89.2,89.12 1 1
github.com/erupshis/revtracker/internal/retryer/retryer.go:93.92,94.9 1 1
github.com/erupshis/revtracker/internal/retryer/retryer.go:95.20,96.9 1 1
github.com/erupshis/revtracker/internal/retryer/retryer.go:97.59,98.15 1 1
github.com/erupshis/revtracker/internal/retryer/retryer.go:103.61,104.29 1 1
github.com/erupshis/revtracker/internal/retryer/retryer.go:104.29,106.3 1 1
github.com/erupshis/revtracker/internal/retryer/retryer.go:108.2,109.51 2 1
github.com/erupshis/revtracker/internal/retryer/retryer.go:109.51,110.45 1 1
github.com/erupshis/revtracker/internal/retryer/retryer.go:110.45,112.4 1 1
github.com/erupshis/revtracker/internal/retryer/retryer.go:115.2,115.17 1 1
